<?xml version="1.0" encoding="UTF-8"?>
<testng-results ignored="0" total="2" passed="2" failed="0" skipped="0">
  <reporter-output>
  </reporter-output>
  <suite started-at="2023-12-01T14:30:01 GMT" name="Default suite" finished-at="2023-12-01T14:30:18 GMT" duration-ms="16947">
    <groups>
      <group name="cucumber">
        <method signature="AbstractTestNGCucumberTests.runScenario(io.cucumber.testng.PickleWrapper,io.cucumber.testng.FeatureWrapper)[pri:0, instance:runners.SampleRunner@54c5a2ff]" name="runScenario" class="io.cucumber.testng.AbstractTestNGCucumberTests"/>
      </group> <!-- cucumber -->
    </groups>
    <test started-at="2023-12-01T14:30:01 GMT" name="Default test" finished-at="2023-12-01T14:30:18 GMT" duration-ms="16947">
      <class name="runners.SampleRunner">
        <test-method is-config="true" signature="setUpClass(org.testng.ITestContext)[pri:0, instance:runners.SampleRunner@54c5a2ff]" started-at="2023-12-01T14:30:01 GMT" name="setUpClass" finished-at="2023-12-01T14:30:02 GMT" duration-ms="1039" status="PASS">
          <params>
            <param index="0">
              <value>
                <![CDATA[org.testng.TestRunner@4b9c411]]>
              </value>
            </param>
          </params>
          <reporter-output>
          </reporter-output>
        </test-method> <!-- setUpClass -->
        <test-method signature="runScenario(io.cucumber.testng.PickleWrapper,io.cucumber.testng.FeatureWrapper)[pri:0, instance:runners.SampleRunner@54c5a2ff]" started-at="2023-12-01T14:30:02 GMT" name="runScenario" description="Runs Cucumber Scenarios" data-provider="scenarios" finished-at="2023-12-01T14:30:10 GMT" duration-ms="8042" status="PASS">
          <params>
            <param index="0">
              <value>
                <![CDATA["Search Java Tutorial"]]>
              </value>
            </param>
            <param index="1">
              <value>
                <![CDATA["Google page Search Function"]]>
              </value>
            </param>
          </params>
          <reporter-output>
          </reporter-output>
        </test-method> <!-- runScenario -->
        <test-method signature="runScenario(io.cucumber.testng.PickleWrapper,io.cucumber.testng.FeatureWrapper)[pri:0, instance:runners.SampleRunner@54c5a2ff]" started-at="2023-12-01T14:30:10 GMT" name="runScenario" description="Runs Cucumber Scenarios" data-provider="scenarios" finished-at="2023-12-01T14:30:16 GMT" duration-ms="6176" status="PASS">
          <params>
            <param index="0">
              <value>
                <![CDATA["Search Selenium Tutorial"]]>
              </value>
            </param>
            <param index="1">
              <value>
                <![CDATA["Google page Search Function"]]>
              </value>
            </param>
          </params>
          <reporter-output>
          </reporter-output>
        </test-method> <!-- runScenario -->
        <test-method is-config="true" signature="tearDownClass()[pri:0, instance:runners.SampleRunner@54c5a2ff]" started-at="2023-12-01T14:30:16 GMT" name="tearDownClass" finished-at="2023-12-01T14:30:18 GMT" duration-ms="1624" status="PASS">
          <reporter-output>
          </reporter-output>
        </test-method> <!-- tearDownClass -->
      </class> <!-- runners.SampleRunner -->
    </test> <!-- Default test -->
  </suite> <!-- Default suite -->
</testng-results>
